0 info it worked if it ends with ok
1 verbose cli [ '/Users/dignifiedquire/.nvm/versions/node/v5.7.0/bin/node',
1 verbose cli   '/Users/dignifiedquire/.nvm/versions/node/v5.7.0/bin/npm',
1 verbose cli   'run',
1 verbose cli   'test:browser' ]
2 info using npm@3.6.0
3 info using node@v5.7.0
4 verbose run-script [ 'pretest:browser', 'test:browser', 'posttest:browser' ]
5 info lifecycle browserify-zlib@0.1.4~pretest:browser: browserify-zlib@0.1.4
6 silly lifecycle browserify-zlib@0.1.4~pretest:browser: no script for pretest:browser, continuing
7 info lifecycle browserify-zlib@0.1.4~test:browser: browserify-zlib@0.1.4
8 verbose lifecycle browserify-zlib@0.1.4~test:browser: unsafe-perm in lifecycle true
9 verbose lifecycle browserify-zlib@0.1.4~test:browser: PATH: /Users/dignifiedquire/.nvm/versions/node/v5.7.0/lib/node_modules/npm/bin/node-gyp-bin:/Users/dignifiedquire/opensource/ipfs/browserify-zlib/node_modules/.bin:/Users/dignifiedquire/.nvm/versions/node/v5.7.0/bin:/Users/dignifiedquire/.cargo/bin:/usr/local/texlive/2014/bin/x86_64-darwin:/Users/dignifiedquire/.cabal/bin:/usr/local/sbin:/usr/local/bin:/Users/dignifiedquire/.cask/bin:/Users/dignifiedquire/.rbenv/bin:/Users/dignifiedquire/.rbenv/shims:/usr/bin:/bin:/usr/sbin:/sbin:/usr/local/bin:/usr/local/go/bin:/Users/dignifiedquire/.go/bin:/Users/dignifiedquire/.rsvm/current/dist/bin
10 verbose lifecycle browserify-zlib@0.1.4~test:browser: CWD: /Users/dignifiedquire/opensource/ipfs/browserify-zlib
11 silly lifecycle browserify-zlib@0.1.4~test:browser: Args: [ '-c', 'karma start --single-run=true karma.conf.js' ]
12 silly lifecycle browserify-zlib@0.1.4~test:browser: Returned: code: 1  signal: null
13 info lifecycle browserify-zlib@0.1.4~test:browser: Failed to exec test:browser script
14 verbose stack Error: browserify-zlib@0.1.4 test:browser: `karma start --single-run=true karma.conf.js`
14 verbose stack Exit status 1
14 verbose stack     at EventEmitter.<anonymous> (/Users/dignifiedquire/.nvm/versions/node/v5.7.0/lib/node_modules/npm/lib/utils/lifecycle.js:232:16)
14 verbose stack     at emitTwo (events.js:100:13)
14 verbose stack     at EventEmitter.emit (events.js:185:7)
14 verbose stack     at ChildProcess.<anonymous> (/Users/dignifiedquire/.nvm/versions/node/v5.7.0/lib/node_modules/npm/lib/utils/spawn.js:24:14)
14 verbose stack     at emitTwo (events.js:100:13)
14 verbose stack     at ChildProcess.emit (events.js:185:7)
14 verbose stack     at maybeClose (internal/child_process.js:827:16)
14 verbose stack     at Process.ChildProcess._handle.onexit (internal/child_process.js:211:5)
15 verbose pkgid browserify-zlib@0.1.4
16 verbose cwd /Users/dignifiedquire/opensource/ipfs/browserify-zlib
17 error Darwin 15.4.0
18 error argv "/Users/dignifiedquire/.nvm/versions/node/v5.7.0/bin/node" "/Users/dignifiedquire/.nvm/versions/node/v5.7.0/bin/npm" "run" "test:browser"
19 error node v5.7.0
20 error npm  v3.6.0
21 error code ELIFECYCLE
22 error browserify-zlib@0.1.4 test:browser: `karma start --single-run=true karma.conf.js`
22 error Exit status 1
23 error Failed at the browserify-zlib@0.1.4 test:browser script 'karma start --single-run=true karma.conf.js'.
23 error Make sure you have the latest version of node.js and npm installed.
23 error If you do, this is most likely a problem with the browserify-zlib package,
23 error not with npm itself.
23 error Tell the author that this fails on your system:
23 error     karma start --single-run=true karma.conf.js
23 error You can get information on how to open an issue for this project with:
23 error     npm bugs browserify-zlib
23 error Or if that isn't available, you can get their info via:
23 error     npm owner ls browserify-zlib
23 error There is likely additional logging output above.
24 verbose exit [ 1, true ]
